<?xml version="1.0" encoding="UTF-8"?>
<!-- Generated by org.testng.reporters.JUnitReportReporter -->
<testsuite hostname="Mayuresh-PC" failures="0" tests="1" name="cucumber.TestNgTestRunner" time="8.414" errors="0" timestamp="2025-07-05T00:57:22 IST" skipped="0">
  <testcase classname="cucumber.TestNgTestRunner" name="runScenario" time="8.414"/>
</testsuite> <!-- cucumber.TestNgTestRunner -->
