<?xml version="1.0" encoding="UTF-8"?>
<!-- Generated by org.testng.reporters.JUnitReportReporter -->
<testsuite hostname="Mayuresh-PC" failures="0" tests="2" name="mayureshAcademy.texts.StandAloneTest2" time="9.269" errors="0" timestamp="2025-06-27T14:10:56 IST" skipped="0">
  <testcase classname="mayureshAcademy.texts.StandAloneTest2" name="submitOrder" time="4.286"/>
  <testcase classname="mayureshAcademy.texts.StandAloneTest2" name="submitOrder" time="4.983"/>
</testsuite> <!-- mayureshAcademy.texts.StandAloneTest2 -->
